{"hostname":"thinkpad-t590","level":"info","message":"Server is up and running at 4400","service":"nebe-backend-local","timestamp":"2024-01-20 04:21:30"}
{"hostname":"thinkpad-t590","level":"info","message":"Server started w/ pid 16236","service":"nebe-backend-local","timestamp":"2024-01-20 04:21:30"}
{"hostname":"thinkpad-t590","level":"info","message":"Listening on http://localhost:4400","service":"nebe-backend-local","timestamp":"2024-01-20 04:21:30"}
{"hostname":"thinkpad-t590","level":"info","message":"Environment: local","service":"nebe-backend-local","timestamp":"2024-01-20 04:21:30"}
{"hostname":"thinkpad-t590","level":"info","message":"Deployment Environment: local","service":"nebe-backend-local","timestamp":"2024-01-20 04:21:30"}
{"hostname":"thinkpad-t590","level":"info","message":"CORS: http://localhost:3000,http://127.0.0.1:3000","service":"nebe-backend-local","timestamp":"2024-01-20 04:21:30"}
{"hostname":"thinkpad-t590","level":"info","message":"GB ~4.02","service":"nebe-backend-local","timestamp":"2024-01-20 04:21:30"}
{"hostname":"thinkpad-t590","level":"info","message":"Server is up and running at 4400","service":"nebe-backend-local","timestamp":"2024-01-20 05:38:51"}
{"hostname":"thinkpad-t590","level":"info","message":"Server started w/ pid 15800","service":"nebe-backend-local","timestamp":"2024-01-20 05:38:51"}
{"hostname":"thinkpad-t590","level":"info","message":"Listening on http://localhost:4400","service":"nebe-backend-local","timestamp":"2024-01-20 05:38:51"}
{"hostname":"thinkpad-t590","level":"info","message":"Environment: local","service":"nebe-backend-local","timestamp":"2024-01-20 05:38:51"}
{"hostname":"thinkpad-t590","level":"info","message":"Deployment Environment: local","service":"nebe-backend-local","timestamp":"2024-01-20 05:38:51"}
{"hostname":"thinkpad-t590","level":"info","message":"CORS: http://localhost:3000,http://127.0.0.1:3000","service":"nebe-backend-local","timestamp":"2024-01-20 05:38:51"}
{"hostname":"thinkpad-t590","level":"info","message":"GB ~4.02","service":"nebe-backend-local","timestamp":"2024-01-20 05:38:51"}
{"hostname":"thinkpad-t590","level":"error","message":"Something went wrong creating new user, Please try again.","service":"nebe-backend-local","timestamp":"2024-01-20 05:39:02"}
{"hostname":"thinkpad-t590","level":"info","message":"Server is up and running at 4400","service":"nebe-backend-local","timestamp":"2024-01-20 05:46:25"}
{"hostname":"thinkpad-t590","level":"info","message":"Server started w/ pid 7444","service":"nebe-backend-local","timestamp":"2024-01-20 05:46:25"}
{"hostname":"thinkpad-t590","level":"info","message":"Listening on http://localhost:4400","service":"nebe-backend-local","timestamp":"2024-01-20 05:46:25"}
{"hostname":"thinkpad-t590","level":"info","message":"Environment: local","service":"nebe-backend-local","timestamp":"2024-01-20 05:46:25"}
{"hostname":"thinkpad-t590","level":"info","message":"Deployment Environment: local","service":"nebe-backend-local","timestamp":"2024-01-20 05:46:25"}
{"hostname":"thinkpad-t590","level":"info","message":"CORS: http://localhost:3000,http://127.0.0.1:3000","service":"nebe-backend-local","timestamp":"2024-01-20 05:46:25"}
{"hostname":"thinkpad-t590","level":"info","message":"GB ~4.02","service":"nebe-backend-local","timestamp":"2024-01-20 05:46:25"}
{"hostname":"thinkpad-t590","level":"info","message":"Server is up and running at 4400","service":"nebe-backend-local","timestamp":"2024-01-20 05:49:23"}
{"hostname":"thinkpad-t590","level":"info","message":"Server started w/ pid 9840","service":"nebe-backend-local","timestamp":"2024-01-20 05:49:23"}
{"hostname":"thinkpad-t590","level":"info","message":"Listening on http://localhost:4400","service":"nebe-backend-local","timestamp":"2024-01-20 05:49:23"}
{"hostname":"thinkpad-t590","level":"info","message":"Environment: local","service":"nebe-backend-local","timestamp":"2024-01-20 05:49:23"}
{"hostname":"thinkpad-t590","level":"info","message":"Deployment Environment: local","service":"nebe-backend-local","timestamp":"2024-01-20 05:49:23"}
{"hostname":"thinkpad-t590","level":"info","message":"CORS: http://localhost:3000,http://127.0.0.1:3000","service":"nebe-backend-local","timestamp":"2024-01-20 05:49:23"}
{"hostname":"thinkpad-t590","level":"info","message":"GB ~4.02","service":"nebe-backend-local","timestamp":"2024-01-20 05:49:23"}
{"hostname":"thinkpad-t590","level":"error","message":"Something went wrong creating new user, Please try again.","service":"nebe-backend-local","timestamp":"2024-01-20 05:49:32"}
{"hostname":"thinkpad-t590","level":"info","message":"Server is up and running at 4400","service":"nebe-backend-local","timestamp":"2024-01-20 05:54:42"}
{"hostname":"thinkpad-t590","level":"info","message":"Server started w/ pid 15904","service":"nebe-backend-local","timestamp":"2024-01-20 05:54:42"}
{"hostname":"thinkpad-t590","level":"info","message":"Listening on http://localhost:4400","service":"nebe-backend-local","timestamp":"2024-01-20 05:54:42"}
{"hostname":"thinkpad-t590","level":"info","message":"Environment: local","service":"nebe-backend-local","timestamp":"2024-01-20 05:54:42"}
{"hostname":"thinkpad-t590","level":"info","message":"Deployment Environment: local","service":"nebe-backend-local","timestamp":"2024-01-20 05:54:42"}
{"hostname":"thinkpad-t590","level":"info","message":"CORS: http://localhost:3000,http://127.0.0.1:3000","service":"nebe-backend-local","timestamp":"2024-01-20 05:54:42"}
{"hostname":"thinkpad-t590","level":"info","message":"GB ~4.02","service":"nebe-backend-local","timestamp":"2024-01-20 05:54:42"}
{"hostname":"thinkpad-t590","level":"info","message":"Server is up and running at 4400","service":"nebe-backend-local","timestamp":"2024-01-20 05:56:44"}
{"hostname":"thinkpad-t590","level":"info","message":"Server started w/ pid 6520","service":"nebe-backend-local","timestamp":"2024-01-20 05:56:44"}
{"hostname":"thinkpad-t590","level":"info","message":"Listening on http://localhost:4400","service":"nebe-backend-local","timestamp":"2024-01-20 05:56:44"}
{"hostname":"thinkpad-t590","level":"info","message":"Environment: local","service":"nebe-backend-local","timestamp":"2024-01-20 05:56:44"}
{"hostname":"thinkpad-t590","level":"info","message":"Deployment Environment: local","service":"nebe-backend-local","timestamp":"2024-01-20 05:56:44"}
{"hostname":"thinkpad-t590","level":"info","message":"CORS: http://localhost:3000,http://127.0.0.1:3000","service":"nebe-backend-local","timestamp":"2024-01-20 05:56:44"}
{"hostname":"thinkpad-t590","level":"info","message":"GB ~4.02","service":"nebe-backend-local","timestamp":"2024-01-20 05:56:44"}
{"hostname":"thinkpad-t590","level":"error","message":"User is not confirmed, Please confirm your email","service":"nebe-backend-local","timestamp":"2024-01-20 05:57:41"}
{"hostname":"thinkpad-t590","level":"error","message":"Invalid refresh token. Please log in again.","service":"nebe-backend-local","timestamp":"2024-01-20 05:58:41"}
{"hostname":"thinkpad-t590","level":"error","message":"Invalid refresh token. Please log in again.","service":"nebe-backend-local","timestamp":"2024-01-20 05:59:03"}
{"hostname":"thinkpad-t590","level":"error","message":"Invalid refresh token. Please log in again.","service":"nebe-backend-local","timestamp":"2024-01-20 05:59:30"}
{"hostname":"thinkpad-t590","level":"error","message":"Invalid refresh token. Please log in again.","service":"nebe-backend-local","timestamp":"2024-01-20 06:00:56"}
{"hostname":"thinkpad-t590","level":"error","message":"No user exists with this email","service":"nebe-backend-local","timestamp":"2024-01-20 06:01:56"}
{"hostname":"thinkpad-t590","level":"error","message":"Invalid refresh token. Please log in again.","service":"nebe-backend-local","timestamp":"2024-01-20 06:02:36"}
{"hostname":"thinkpad-t590","level":"error","message":"Something went wrong, Please try again.","service":"nebe-backend-local","timestamp":"2024-01-20 06:03:30"}
{"hostname":"thinkpad-t590","level":"error","message":"Something went wrong, Please try again.","service":"nebe-backend-local","timestamp":"2024-01-20 06:04:49"}
{"hostname":"thinkpad-t590","level":"info","message":"Server is up and running at 4400","service":"nebe-backend-local","timestamp":"2024-01-20 06:24:26"}
{"hostname":"thinkpad-t590","level":"info","message":"Server started w/ pid 21196","service":"nebe-backend-local","timestamp":"2024-01-20 06:24:26"}
{"hostname":"thinkpad-t590","level":"info","message":"Listening on http://localhost:4400","service":"nebe-backend-local","timestamp":"2024-01-20 06:24:26"}
{"hostname":"thinkpad-t590","level":"info","message":"Environment: local","service":"nebe-backend-local","timestamp":"2024-01-20 06:24:26"}
{"hostname":"thinkpad-t590","level":"info","message":"Deployment Environment: local","service":"nebe-backend-local","timestamp":"2024-01-20 06:24:26"}
{"hostname":"thinkpad-t590","level":"info","message":"CORS: http://localhost:3000,http://127.0.0.1:3000","service":"nebe-backend-local","timestamp":"2024-01-20 06:24:26"}
{"hostname":"thinkpad-t590","level":"info","message":"GB ~4.02","service":"nebe-backend-local","timestamp":"2024-01-20 06:24:26"}
{"hostname":"thinkpad-t590","level":"info","message":"Server is up and running at 4400","service":"nebe-backend-local","timestamp":"2024-01-20 06:36:07"}
{"hostname":"thinkpad-t590","level":"info","message":"Server started w/ pid 16120","service":"nebe-backend-local","timestamp":"2024-01-20 06:36:07"}
{"hostname":"thinkpad-t590","level":"info","message":"Listening on http://localhost:4400","service":"nebe-backend-local","timestamp":"2024-01-20 06:36:07"}
{"hostname":"thinkpad-t590","level":"info","message":"Environment: local","service":"nebe-backend-local","timestamp":"2024-01-20 06:36:07"}
{"hostname":"thinkpad-t590","level":"info","message":"Deployment Environment: local","service":"nebe-backend-local","timestamp":"2024-01-20 06:36:07"}
{"hostname":"thinkpad-t590","level":"info","message":"CORS: http://localhost:3000,http://127.0.0.1:3000","service":"nebe-backend-local","timestamp":"2024-01-20 06:36:07"}
{"hostname":"thinkpad-t590","level":"info","message":"GB ~4.02","service":"nebe-backend-local","timestamp":"2024-01-20 06:36:07"}
